<?xml version="1.0" encoding="UTF-8"?>
<testsuite xmlns:xsi="http://www.w3.org/2001/XMLSchema-instance" xsi:noNamespaceSchemaLocation="https://maven.apache.org/surefire/maven-surefire-plugin/xsd/surefire-test-report.xsd" version="3.0.2" name="TestSuite" time="16.683" tests="1" errors="0" skipped="0" failures="0">
  <properties>
[...]
</properties>
  <testcase name="Homepage" classname="com.qa.testcases.patinfoTest" time="7.485">
    <system-out><![CDATA[19:30:09.336 [main] DEBUG org.testng.TestNG - suiteXmlPath: "C:\Users\Dell\eclipse-workspace2\TestAssignment\testng.xml"
TIMEOUTS FOR CHROME ARE :{implicit: 30000, pageLoad: 300000, script: 90000}
Desired Capabilities are: {implicit: 30000, pageLoad: 300000, script: 90000}
Browser setup by Thread 1 and Driver reference is : ChromeDriver: chrome on windows (c109d9cc25832547fdd4ffd330caaffb)
SOLID PHARMACEUTICAL COMPOSITION COMPRISING A BENZIMIDAZOLE-7-CARBOXYLATE DERIVATIVE AND A PH CONTROL AGENT (13)
Filing date: 2008-03-26 (17 years ago) (2008 years ago)
Publication date: 2009-12-03 (15 years ago) (2009 years ago)
]]></system-out>
    <system-err><![CDATA[SLF4J: Class path contains multiple SLF4J providers.
SLF4J: Found provider [ch.qos.logback.classic.spi.LogbackServiceProvider@20e2cbe0]
SLF4J: Found provider [org.slf4j.simple.SimpleServiceProvider@68be2bc2]
SLF4J: See https://www.slf4j.org/codes.html#multiple_bindings for an explanation.
SLF4J: Actual provider is of type [ch.qos.logback.classic.spi.LogbackServiceProvider@20e2cbe0]
Mar 21, 2025 7:30:14 PM org.openqa.selenium.devtools.CdpVersionFinder findNearestMatch
WARNING: Unable to find an exact match for CDP version 134, returning the closest version; found: 133; Please update to a Selenium version that supports CDP version 134
]]></system-err>
  </testcase>
</testsuite>