<?xml version="1.0" encoding="UTF-8"?>
<testng-results ignored="0" total="1" passed="1" failed="0" skipped="0">
  <reporter-output>
  </reporter-output>
  <suite started-at="2025-03-21T19:30:09 IST" name="Suite" finished-at="2025-03-21T19:30:25 IST" duration-ms="15330">
    <groups>
    </groups>
    <test started-at="2025-03-21T19:30:09 IST" name="Test" finished-at="2025-03-21T19:30:25 IST" duration-ms="15330">
      <class name="com.qa.testcases.patinfoTest">
        <test-method is-config="true" signature="initialization()[pri:0, instance:com.qa.testcases.patinfoTest@45c7e403]" started-at="2025-03-21T19:30:09 IST" name="initialization" finished-at="2025-03-21T19:30:17 IST" duration-ms="7325" status="PASS">
          <reporter-output>
          </reporter-output>
        </test-method> <!-- initialization -->
        <test-method signature="Homepage()[pri:0, instance:com.qa.testcases.patinfoTest@45c7e403]" started-at="2025-03-21T19:30:17 IST" name="Homepage" finished-at="2025-03-21T19:30:24 IST" duration-ms="7471" status="PASS">
          <reporter-output>
          </reporter-output>
        </test-method> <!-- Homepage -->
        <test-method is-config="true" signature="tearDown()[pri:0, instance:com.qa.testcases.patinfoTest@45c7e403]" started-at="2025-03-21T19:30:24 IST" name="tearDown" finished-at="2025-03-21T19:30:25 IST" duration-ms="465" status="PASS">
          <reporter-output>
          </reporter-output>
        </test-method> <!-- tearDown -->
      </class> <!-- com.qa.testcases.patinfoTest -->
    </test> <!-- Test -->
  </suite> <!-- Suite -->
</testng-results>
