<?xml version="1.0" encoding="UTF-8"?>
<testng-results ignored="0" total="1" passed="1" failed="0" skipped="0">
  <reporter-output>
  </reporter-output>
  <suite started-at="2025-03-21T19:16:15 IST" name="Suite" finished-at="2025-03-21T19:16:57 IST" duration-ms="41981">
    <groups>
    </groups>
    <test started-at="2025-03-21T19:16:15 IST" name="Test" finished-at="2025-03-21T19:16:57 IST" duration-ms="41981">
      <class name="com.qa.testcases.patinfoTest">
        <test-method is-config="true" signature="initialization()[pri:0, instance:com.qa.testcases.patinfoTest@157853da]" started-at="2025-03-21T19:16:15 IST" name="initialization" finished-at="2025-03-21T19:16:28 IST" duration-ms="13211" status="PASS">
          <reporter-output>
          </reporter-output>
        </test-method> <!-- initialization -->
        <test-method signature="Homepage()[pri:0, instance:com.qa.testcases.patinfoTest@157853da]" started-at="2025-03-21T19:16:28 IST" name="Homepage" finished-at="2025-03-21T19:16:56 IST" duration-ms="28326" status="PASS">
          <reporter-output>
          </reporter-output>
        </test-method> <!-- Homepage -->
        <test-method is-config="true" signature="tearDown()[pri:0, instance:com.qa.testcases.patinfoTest@157853da]" started-at="2025-03-21T19:16:56 IST" name="tearDown" finished-at="2025-03-21T19:16:57 IST" duration-ms="333" status="PASS">
          <reporter-output>
          </reporter-output>
        </test-method> <!-- tearDown -->
      </class> <!-- com.qa.testcases.patinfoTest -->
    </test> <!-- Test -->
  </suite> <!-- Suite -->
</testng-results>
