<?xml version="1.0" encoding="UTF-8"?>
<testng-results ignored="0" total="1" passed="1" failed="0" skipped="0">
  <reporter-output>
  </reporter-output>
  <suite started-at="2025-03-19T00:28:57 IST" name="Default suite" finished-at="2025-03-19T00:29:13 IST" duration-ms="15979">
    <groups>
    </groups>
    <test started-at="2025-03-19T00:28:57 IST" name="Default test" finished-at="2025-03-19T00:29:13 IST" duration-ms="15979">
      <class name="com.qa.testcases.patinfoTest">
        <test-method is-config="true" signature="initialization()[pri:0, instance:com.qa.testcases.patinfoTest@1bb5a082]" started-at="2025-03-19T00:28:57 IST" name="initialization" finished-at="2025-03-19T00:29:04 IST" duration-ms="7636" status="PASS">
          <reporter-output>
          </reporter-output>
        </test-method> <!-- initialization -->
        <test-method signature="Homepage()[pri:0, instance:com.qa.testcases.patinfoTest@1bb5a082]" started-at="2025-03-19T00:29:04 IST" name="Homepage" finished-at="2025-03-19T00:29:12 IST" duration-ms="7792" status="PASS">
          <reporter-output>
          </reporter-output>
        </test-method> <!-- Homepage -->
        <test-method is-config="true" signature="tearDown()[pri:0, instance:com.qa.testcases.patinfoTest@1bb5a082]" started-at="2025-03-19T00:29:12 IST" name="tearDown" finished-at="2025-03-19T00:29:13 IST" duration-ms="471" status="PASS">
          <reporter-output>
          </reporter-output>
        </test-method> <!-- tearDown -->
      </class> <!-- com.qa.testcases.patinfoTest -->
    </test> <!-- Default test -->
  </suite> <!-- Default suite -->
</testng-results>
